<?xml version="1.0" encoding="UTF-8"?>
<!-- Generated by org.testng.reporters.JUnitReportReporter -->
<testsuite hostname="LAPTOP-2C3CKVD9" failures="0" tests="4" name="excelNdp.Integration1" time="0.019" errors="0" timestamp="2024-11-14T23:03:37 EST" skipped="0">
  <testcase classname="excelNdp.Integration1" name="testCase" time="0.003"/>
  <system-out/>
  <testcase classname="excelNdp.Integration1" name="testCase" time="0.006"/>
  <system-out/>
  <testcase classname="excelNdp.Integration1" name="testCase" time="0.003"/>
  <system-out/>
  <testcase classname="excelNdp.Integration1" name="testCase" time="0.007"/>
  <system-out/>
</testsuite> <!-- excelNdp.Integration1 -->
